

Started GET "/" for 127.0.0.1 at Fri Oct 12 10:26:11 +0300 2012
  Processing by ParserController#index as HTML
Rendered parser/index.html.erb within layouts/application (1.5ms)
Completed 200 OK in 4ms (Views: 3.9ms | ActiveRecord: 0.0ms)


Started GET "/static/routes.js" for 127.0.0.1 at Fri Oct 12 10:26:11 +0300 2012

ActionController::RoutingError (No route matches "/static/routes.js"):
  

Rendered /home/rakotobe/.rvm/gems/ree-1.8.7-2010.02@capistrano_test/gems/actionpack-3.0.7/lib/action_dispatch/middleware/templates/rescues/routing_error.erb within rescues/layout (1.2ms)


Started GET "/public/stylesheets/all.css" for 127.0.0.1 at Fri Oct 12 10:26:11 +0300 2012

ActionController::RoutingError (No route matches "/public/stylesheets/all.css"):
  

Rendered /home/rakotobe/.rvm/gems/ree-1.8.7-2010.02@capistrano_test/gems/actionpack-3.0.7/lib/action_dispatch/middleware/templates/rescues/routing_error.erb within rescues/layout (2.0ms)


Started GET "/" for 127.0.0.1 at Fri Oct 12 10:31:45 +0300 2012
  Processing by ParserController#index as HTML
Rendered parser/index.html.erb within layouts/application (1.6ms)
Completed 200 OK in 4ms (Views: 4.0ms | ActiveRecord: 0.0ms)


Started GET "/public/stylesheets/all.css" for 127.0.0.1 at Fri Oct 12 10:31:45 +0300 2012

ActionController::RoutingError (No route matches "/public/stylesheets/all.css"):
  

Rendered /home/rakotobe/.rvm/gems/ree-1.8.7-2010.02@capistrano_test/gems/actionpack-3.0.7/lib/action_dispatch/middleware/templates/rescues/routing_error.erb within rescues/layout (0.6ms)


Started GET "/static/routes.js" for 127.0.0.1 at Fri Oct 12 10:31:45 +0300 2012

ActionController::RoutingError (No route matches "/static/routes.js"):
  

Rendered /home/rakotobe/.rvm/gems/ree-1.8.7-2010.02@capistrano_test/gems/actionpack-3.0.7/lib/action_dispatch/middleware/templates/rescues/routing_error.erb within rescues/layout (0.7ms)


Started GET "/public/stylesheets/all.css" for 127.0.0.1 at Fri Oct 12 10:31:45 +0300 2012

ActionController::RoutingError (No route matches "/public/stylesheets/all.css"):
  

Rendered /home/rakotobe/.rvm/gems/ree-1.8.7-2010.02@capistrano_test/gems/actionpack-3.0.7/lib/action_dispatch/middleware/templates/rescues/routing_error.erb within rescues/layout (0.8ms)


Started GET "/" for 127.0.0.1 at Fri Oct 12 10:34:29 +0300 2012
  Processing by ParserController#index as HTML
Rendered parser/index.html.erb within layouts/application (2.1ms)
Completed 200 OK in 6ms (Views: 5.3ms | ActiveRecord: 0.0ms)


Started GET "/static/routes.js" for 127.0.0.1 at Fri Oct 12 10:34:30 +0300 2012

ActionController::RoutingError (No route matches "/static/routes.js"):
  

Rendered /home/rakotobe/.rvm/gems/ree-1.8.7-2010.02@capistrano_test/gems/actionpack-3.0.7/lib/action_dispatch/middleware/templates/rescues/routing_error.erb within rescues/layout (0.6ms)


Started GET "/public/stylesheets/all.css" for 127.0.0.1 at Fri Oct 12 10:34:30 +0300 2012

ActionController::RoutingError (No route matches "/public/stylesheets/all.css"):
  

Rendered /home/rakotobe/.rvm/gems/ree-1.8.7-2010.02@capistrano_test/gems/actionpack-3.0.7/lib/action_dispatch/middleware/templates/rescues/routing_error.erb within rescues/layout (0.9ms)


Started GET "/" for 127.0.0.1 at Fri Oct 12 10:34:30 +0300 2012
  Processing by ParserController#index as HTML
Rendered parser/index.html.erb within layouts/application (1.1ms)
Completed 200 OK in 2ms (Views: 1.7ms | ActiveRecord: 0.0ms)


Started POST "/phpmyadmin/index.php" for 127.0.0.1 at Fri Oct 12 10:40:08 +0300 2012

ActionController::RoutingError (No route matches "/phpmyadmin/index.php"):
  

Rendered /home/rakotobe/.rvm/gems/ree-1.8.7-2010.02@capistrano_test/gems/actionpack-3.0.7/lib/action_dispatch/middleware/templates/rescues/routing_error.erb within rescues/layout (0.6ms)


Started GET "/" for 127.0.0.1 at Fri Oct 12 14:56:35 +0300 2012
  Processing by ParserController#index as HTML
Rendered parser/index.html.erb within layouts/application (19.9ms)
Completed 200 OK in 33ms (Views: 32.9ms | ActiveRecord: 0.0ms)


Started GET "/static/routes.js" for 127.0.0.1 at Fri Oct 12 14:56:36 +0300 2012

ActionController::RoutingError (No route matches "/static/routes.js"):
  

Rendered /home/rakotobe/.rvm/gems/ree-1.8.7-2010.02@capistrano_test/gems/actionpack-3.0.7/lib/action_dispatch/middleware/templates/rescues/routing_error.erb within rescues/layout (0.6ms)


Started GET "/public/stylesheets/all.css" for 127.0.0.1 at Fri Oct 12 14:56:36 +0300 2012

ActionController::RoutingError (No route matches "/public/stylesheets/all.css"):
  

Rendered /home/rakotobe/.rvm/gems/ree-1.8.7-2010.02@capistrano_test/gems/actionpack-3.0.7/lib/action_dispatch/middleware/templates/rescues/routing_error.erb within rescues/layout (0.6ms)


Started GET "/" for 127.0.0.1 at Fri Oct 12 14:56:41 +0300 2012
  Processing by ParserController#index as HTML
Rendered parser/index.html.erb within layouts/application (1.6ms)
Completed 200 OK in 15ms (Views: 14.5ms | ActiveRecord: 0.0ms)


Started GET "/public/stylesheets/all.css" for 127.0.0.1 at Fri Oct 12 14:56:41 +0300 2012

ActionController::RoutingError (No route matches "/public/stylesheets/all.css"):
  

Rendered /home/rakotobe/.rvm/gems/ree-1.8.7-2010.02@capistrano_test/gems/actionpack-3.0.7/lib/action_dispatch/middleware/templates/rescues/routing_error.erb within rescues/layout (0.6ms)


Started GET "/static/routes.js" for 127.0.0.1 at Fri Oct 12 14:56:41 +0300 2012

ActionController::RoutingError (No route matches "/static/routes.js"):
  

Rendered /home/rakotobe/.rvm/gems/ree-1.8.7-2010.02@capistrano_test/gems/actionpack-3.0.7/lib/action_dispatch/middleware/templates/rescues/routing_error.erb within rescues/layout (0.6ms)


Started GET "/" for 127.0.0.1 at Fri Oct 12 14:56:42 +0300 2012
  Processing by ParserController#index as HTML
Rendered parser/index.html.erb within layouts/application (1.8ms)
Completed 200 OK in 3ms (Views: 2.3ms | ActiveRecord: 0.0ms)


Started GET "/public/stylesheets/all.css" for 127.0.0.1 at Fri Oct 12 14:56:42 +0300 2012

ActionController::RoutingError (No route matches "/public/stylesheets/all.css"):
  

Rendered /home/rakotobe/.rvm/gems/ree-1.8.7-2010.02@capistrano_test/gems/actionpack-3.0.7/lib/action_dispatch/middleware/templates/rescues/routing_error.erb within rescues/layout (0.6ms)


Started GET "/static/routes.js" for 127.0.0.1 at Fri Oct 12 14:56:42 +0300 2012

ActionController::RoutingError (No route matches "/static/routes.js"):
  

Rendered /home/rakotobe/.rvm/gems/ree-1.8.7-2010.02@capistrano_test/gems/actionpack-3.0.7/lib/action_dispatch/middleware/templates/rescues/routing_error.erb within rescues/layout (0.7ms)


Started GET "/" for 127.0.0.1 at Fri Oct 12 14:56:42 +0300 2012
  Processing by ParserController#index as HTML
Rendered parser/index.html.erb within layouts/application (1.2ms)
Completed 200 OK in 2ms (Views: 1.7ms | ActiveRecord: 0.0ms)


Started GET "/static/routes.js" for 127.0.0.1 at Fri Oct 12 14:56:42 +0300 2012

ActionController::RoutingError (No route matches "/static/routes.js"):
  

Rendered /home/rakotobe/.rvm/gems/ree-1.8.7-2010.02@capistrano_test/gems/actionpack-3.0.7/lib/action_dispatch/middleware/templates/rescues/routing_error.erb within rescues/layout (0.7ms)


Started GET "/public/stylesheets/all.css" for 127.0.0.1 at Fri Oct 12 14:56:42 +0300 2012

ActionController::RoutingError (No route matches "/public/stylesheets/all.css"):
  

Rendered /home/rakotobe/.rvm/gems/ree-1.8.7-2010.02@capistrano_test/gems/actionpack-3.0.7/lib/action_dispatch/middleware/templates/rescues/routing_error.erb within rescues/layout (0.6ms)


Started GET "/" for 127.0.0.1 at Fri Oct 12 14:56:42 +0300 2012
  Processing by ParserController#index as HTML
Rendered parser/index.html.erb within layouts/application (1.1ms)
Completed 200 OK in 2ms (Views: 1.6ms | ActiveRecord: 0.0ms)


Started GET "/static/routes.js" for 127.0.0.1 at Fri Oct 12 14:56:42 +0300 2012

ActionController::RoutingError (No route matches "/static/routes.js"):
  

Rendered /home/rakotobe/.rvm/gems/ree-1.8.7-2010.02@capistrano_test/gems/actionpack-3.0.7/lib/action_dispatch/middleware/templates/rescues/routing_error.erb within rescues/layout (0.9ms)


Started GET "/public/stylesheets/all.css" for 127.0.0.1 at Fri Oct 12 14:56:42 +0300 2012

ActionController::RoutingError (No route matches "/public/stylesheets/all.css"):
  

Rendered /home/rakotobe/.rvm/gems/ree-1.8.7-2010.02@capistrano_test/gems/actionpack-3.0.7/lib/action_dispatch/middleware/templates/rescues/routing_error.erb within rescues/layout (0.6ms)


Started GET "/" for 127.0.0.1 at Fri Oct 12 14:56:42 +0300 2012
  Processing by ParserController#index as HTML
Rendered parser/index.html.erb within layouts/application (1.2ms)
Completed 200 OK in 2ms (Views: 1.6ms | ActiveRecord: 0.0ms)


Started GET "/public/stylesheets/all.css" for 127.0.0.1 at Fri Oct 12 14:56:42 +0300 2012

ActionController::RoutingError (No route matches "/public/stylesheets/all.css"):
  

Rendered /home/rakotobe/.rvm/gems/ree-1.8.7-2010.02@capistrano_test/gems/actionpack-3.0.7/lib/action_dispatch/middleware/templates/rescues/routing_error.erb within rescues/layout (0.9ms)


Started GET "/static/routes.js" for 127.0.0.1 at Fri Oct 12 14:56:42 +0300 2012

ActionController::RoutingError (No route matches "/static/routes.js"):
  

Rendered /home/rakotobe/.rvm/gems/ree-1.8.7-2010.02@capistrano_test/gems/actionpack-3.0.7/lib/action_dispatch/middleware/templates/rescues/routing_error.erb within rescues/layout (0.7ms)


Started GET "/" for 127.0.0.1 at Fri Oct 12 14:56:43 +0300 2012
  Processing by ParserController#index as HTML
Rendered parser/index.html.erb within layouts/application (1.2ms)
Completed 200 OK in 2ms (Views: 1.7ms | ActiveRecord: 0.0ms)


Started GET "/static/routes.js" for 127.0.0.1 at Fri Oct 12 14:56:43 +0300 2012

ActionController::RoutingError (No route matches "/static/routes.js"):
  

Rendered /home/rakotobe/.rvm/gems/ree-1.8.7-2010.02@capistrano_test/gems/actionpack-3.0.7/lib/action_dispatch/middleware/templates/rescues/routing_error.erb within rescues/layout (0.6ms)


Started GET "/public/stylesheets/all.css" for 127.0.0.1 at Fri Oct 12 14:56:43 +0300 2012

ActionController::RoutingError (No route matches "/public/stylesheets/all.css"):
  

Rendered /home/rakotobe/.rvm/gems/ree-1.8.7-2010.02@capistrano_test/gems/actionpack-3.0.7/lib/action_dispatch/middleware/templates/rescues/routing_error.erb within rescues/layout (0.6ms)


Started GET "/" for 127.0.0.1 at Fri Oct 12 14:56:43 +0300 2012
  Processing by ParserController#index as HTML
Rendered parser/index.html.erb within layouts/application (1.2ms)
Completed 200 OK in 2ms (Views: 1.6ms | ActiveRecord: 0.0ms)


Started GET "/static/routes.js" for 127.0.0.1 at Fri Oct 12 14:56:43 +0300 2012

ActionController::RoutingError (No route matches "/static/routes.js"):
  

Rendered /home/rakotobe/.rvm/gems/ree-1.8.7-2010.02@capistrano_test/gems/actionpack-3.0.7/lib/action_dispatch/middleware/templates/rescues/routing_error.erb within rescues/layout (0.9ms)


Started GET "/public/stylesheets/all.css" for 127.0.0.1 at Fri Oct 12 14:56:43 +0300 2012

ActionController::RoutingError (No route matches "/public/stylesheets/all.css"):
  

Rendered /home/rakotobe/.rvm/gems/ree-1.8.7-2010.02@capistrano_test/gems/actionpack-3.0.7/lib/action_dispatch/middleware/templates/rescues/routing_error.erb within rescues/layout (0.8ms)


Started GET "/" for 127.0.0.1 at Fri Oct 12 14:56:43 +0300 2012
  Processing by ParserController#index as HTML
Rendered parser/index.html.erb within layouts/application (1.2ms)
Completed 200 OK in 2ms (Views: 1.7ms | ActiveRecord: 0.0ms)


Started GET "/public/stylesheets/all.css" for 127.0.0.1 at Fri Oct 12 14:56:43 +0300 2012

ActionController::RoutingError (No route matches "/public/stylesheets/all.css"):
  

Rendered /home/rakotobe/.rvm/gems/ree-1.8.7-2010.02@capistrano_test/gems/actionpack-3.0.7/lib/action_dispatch/middleware/templates/rescues/routing_error.erb within rescues/layout (0.6ms)


Started GET "/static/routes.js" for 127.0.0.1 at Fri Oct 12 14:56:43 +0300 2012

ActionController::RoutingError (No route matches "/static/routes.js"):
  

Rendered /home/rakotobe/.rvm/gems/ree-1.8.7-2010.02@capistrano_test/gems/actionpack-3.0.7/lib/action_dispatch/middleware/templates/rescues/routing_error.erb within rescues/layout (0.8ms)


Started GET "/" for 127.0.0.1 at Fri Oct 12 14:56:44 +0300 2012
  Processing by ParserController#index as HTML
Rendered parser/index.html.erb within layouts/application (0.9ms)
Completed 200 OK in 1ms (Views: 1.3ms | ActiveRecord: 0.0ms)


Started GET "/static/routes.js" for 127.0.0.1 at Fri Oct 12 14:56:44 +0300 2012

ActionController::RoutingError (No route matches "/static/routes.js"):
  

Rendered /home/rakotobe/.rvm/gems/ree-1.8.7-2010.02@capistrano_test/gems/actionpack-3.0.7/lib/action_dispatch/middleware/templates/rescues/routing_error.erb within rescues/layout (0.6ms)


Started GET "/public/stylesheets/all.css" for 127.0.0.1 at Fri Oct 12 14:56:44 +0300 2012

ActionController::RoutingError (No route matches "/public/stylesheets/all.css"):
  

Rendered /home/rakotobe/.rvm/gems/ree-1.8.7-2010.02@capistrano_test/gems/actionpack-3.0.7/lib/action_dispatch/middleware/templates/rescues/routing_error.erb within rescues/layout (0.6ms)


Started GET "/" for 127.0.0.1 at Fri Oct 12 14:56:44 +0300 2012
  Processing by ParserController#index as HTML
Rendered parser/index.html.erb within layouts/application (1.2ms)
Completed 200 OK in 2ms (Views: 1.7ms | ActiveRecord: 0.0ms)


Started GET "/public/stylesheets/all.css" for 127.0.0.1 at Fri Oct 12 14:56:44 +0300 2012

ActionController::RoutingError (No route matches "/public/stylesheets/all.css"):
  

Rendered /home/rakotobe/.rvm/gems/ree-1.8.7-2010.02@capistrano_test/gems/actionpack-3.0.7/lib/action_dispatch/middleware/templates/rescues/routing_error.erb within rescues/layout (0.5ms)


Started GET "/static/routes.js" for 127.0.0.1 at Fri Oct 12 14:56:44 +0300 2012

ActionController::RoutingError (No route matches "/static/routes.js"):
  

Rendered /home/rakotobe/.rvm/gems/ree-1.8.7-2010.02@capistrano_test/gems/actionpack-3.0.7/lib/action_dispatch/middleware/templates/rescues/routing_error.erb within rescues/layout (0.6ms)


Started GET "/" for 127.0.0.1 at Fri Oct 12 14:56:44 +0300 2012
  Processing by ParserController#index as HTML
Rendered parser/index.html.erb within layouts/application (1.3ms)
Completed 200 OK in 2ms (Views: 1.8ms | ActiveRecord: 0.0ms)


Started GET "/static/routes.js" for 127.0.0.1 at Fri Oct 12 14:56:44 +0300 2012

ActionController::RoutingError (No route matches "/static/routes.js"):
  

Rendered /home/rakotobe/.rvm/gems/ree-1.8.7-2010.02@capistrano_test/gems/actionpack-3.0.7/lib/action_dispatch/middleware/templates/rescues/routing_error.erb within rescues/layout (0.7ms)


Started GET "/public/stylesheets/all.css" for 127.0.0.1 at Fri Oct 12 14:56:44 +0300 2012

ActionController::RoutingError (No route matches "/public/stylesheets/all.css"):
  

Rendered /home/rakotobe/.rvm/gems/ree-1.8.7-2010.02@capistrano_test/gems/actionpack-3.0.7/lib/action_dispatch/middleware/templates/rescues/routing_error.erb within rescues/layout (1.0ms)


Started GET "/" for 127.0.0.1 at Fri Oct 12 14:56:44 +0300 2012
  Processing by ParserController#index as HTML
Rendered parser/index.html.erb within layouts/application (1.2ms)
Completed 200 OK in 2ms (Views: 1.7ms | ActiveRecord: 0.0ms)


Started GET "/static/routes.js" for 127.0.0.1 at Fri Oct 12 14:56:44 +0300 2012

ActionController::RoutingError (No route matches "/static/routes.js"):
  

Rendered /home/rakotobe/.rvm/gems/ree-1.8.7-2010.02@capistrano_test/gems/actionpack-3.0.7/lib/action_dispatch/middleware/templates/rescues/routing_error.erb within rescues/layout (0.6ms)


Started GET "/public/stylesheets/all.css" for 127.0.0.1 at Fri Oct 12 14:56:44 +0300 2012

ActionController::RoutingError (No route matches "/public/stylesheets/all.css"):
  

Rendered /home/rakotobe/.rvm/gems/ree-1.8.7-2010.02@capistrano_test/gems/actionpack-3.0.7/lib/action_dispatch/middleware/templates/rescues/routing_error.erb within rescues/layout (0.7ms)


Started GET "/" for 127.0.0.1 at Fri Oct 12 14:56:45 +0300 2012
  Processing by ParserController#index as HTML
Rendered parser/index.html.erb within layouts/application (1.2ms)
Completed 200 OK in 2ms (Views: 1.7ms | ActiveRecord: 0.0ms)


Started GET "/public/stylesheets/all.css" for 127.0.0.1 at Fri Oct 12 14:56:45 +0300 2012

ActionController::RoutingError (No route matches "/public/stylesheets/all.css"):
  

Rendered /home/rakotobe/.rvm/gems/ree-1.8.7-2010.02@capistrano_test/gems/actionpack-3.0.7/lib/action_dispatch/middleware/templates/rescues/routing_error.erb within rescues/layout (0.7ms)


Started GET "/static/routes.js" for 127.0.0.1 at Fri Oct 12 14:56:45 +0300 2012

ActionController::RoutingError (No route matches "/static/routes.js"):
  

Rendered /home/rakotobe/.rvm/gems/ree-1.8.7-2010.02@capistrano_test/gems/actionpack-3.0.7/lib/action_dispatch/middleware/templates/rescues/routing_error.erb within rescues/layout (0.6ms)


Started GET "/" for 127.0.0.1 at Fri Oct 12 14:56:45 +0300 2012
  Processing by ParserController#index as HTML
Rendered parser/index.html.erb within layouts/application (1.1ms)
Completed 200 OK in 2ms (Views: 1.6ms | ActiveRecord: 0.0ms)


Started GET "/public/stylesheets/all.css" for 127.0.0.1 at Fri Oct 12 14:56:45 +0300 2012

ActionController::RoutingError (No route matches "/public/stylesheets/all.css"):
  

Rendered /home/rakotobe/.rvm/gems/ree-1.8.7-2010.02@capistrano_test/gems/actionpack-3.0.7/lib/action_dispatch/middleware/templates/rescues/routing_error.erb within rescues/layout (0.7ms)


Started GET "/static/routes.js" for 127.0.0.1 at Fri Oct 12 14:56:45 +0300 2012

ActionController::RoutingError (No route matches "/static/routes.js"):
  

Rendered /home/rakotobe/.rvm/gems/ree-1.8.7-2010.02@capistrano_test/gems/actionpack-3.0.7/lib/action_dispatch/middleware/templates/rescues/routing_error.erb within rescues/layout (0.6ms)


Started GET "/" for 127.0.0.1 at Fri Oct 12 14:56:45 +0300 2012
  Processing by ParserController#index as HTML
Rendered parser/index.html.erb within layouts/application (1.2ms)
Completed 200 OK in 2ms (Views: 1.7ms | ActiveRecord: 0.0ms)


Started GET "/static/routes.js" for 127.0.0.1 at Fri Oct 12 14:56:45 +0300 2012

ActionController::RoutingError (No route matches "/static/routes.js"):
  

Rendered /home/rakotobe/.rvm/gems/ree-1.8.7-2010.02@capistrano_test/gems/actionpack-3.0.7/lib/action_dispatch/middleware/templates/rescues/routing_error.erb within rescues/layout (0.6ms)


Started GET "/public/stylesheets/all.css" for 127.0.0.1 at Fri Oct 12 14:56:45 +0300 2012

ActionController::RoutingError (No route matches "/public/stylesheets/all.css"):
  

Rendered /home/rakotobe/.rvm/gems/ree-1.8.7-2010.02@capistrano_test/gems/actionpack-3.0.7/lib/action_dispatch/middleware/templates/rescues/routing_error.erb within rescues/layout (0.9ms)


Started GET "/" for 127.0.0.1 at Fri Oct 12 14:56:46 +0300 2012
  Processing by ParserController#index as HTML
Rendered parser/index.html.erb within layouts/application (1.2ms)
Completed 200 OK in 2ms (Views: 1.8ms | ActiveRecord: 0.0ms)


Started GET "/static/routes.js" for 127.0.0.1 at Fri Oct 12 14:56:46 +0300 2012

ActionController::RoutingError (No route matches "/static/routes.js"):
  

Rendered /home/rakotobe/.rvm/gems/ree-1.8.7-2010.02@capistrano_test/gems/actionpack-3.0.7/lib/action_dispatch/middleware/templates/rescues/routing_error.erb within rescues/layout (0.7ms)


Started GET "/public/stylesheets/all.css" for 127.0.0.1 at Fri Oct 12 14:56:46 +0300 2012

ActionController::RoutingError (No route matches "/public/stylesheets/all.css"):
  

Rendered /home/rakotobe/.rvm/gems/ree-1.8.7-2010.02@capistrano_test/gems/actionpack-3.0.7/lib/action_dispatch/middleware/templates/rescues/routing_error.erb within rescues/layout (3.6ms)
